size of data: (69,)
GBDT parameter: Namespace(learning_rate=0.01, max_features='sqrt', n_estimators=10000, random_seed=0)
fold= 1
fold= 2
fold= 3
fold= 4
fold= 5
fold= 6
fold= 7
fold= 8
fold= 9
fold= 10

========== FINAL RESULT ==========
GBDT_BET -> RMSD: 1.8237, P: -0.3092, R2: -0.0218
GBDT_AE -> RMSD: 1.1603, P: 0.7727, R2: 0.5864
GBDT_ECFP -> RMSD: 1.0128, P: 0.8322, R2: 0.6849
GBDT_AE_BET -> RMSD: 1.1534, P: 0.7751, R2: 0.5913
GBDT_AE_ECFP -> RMSD: 1.1389, P: 0.7805, R2: 0.6015
GBDT_BET_ECFP -> RMSD: 1.0111, P: 0.8328, R2: 0.6860
GBDT_AE_BET_ECFP -> RMSD: 1.1285, P: 0.7853, R2: 0.6088
total time: 0.3927215078141954 h
