size of data: (290,)
RF parameter: Namespace(n_estimators=10000, random_seed=0)
fold= 1
fold= 2
fold= 3
fold= 4
fold= 5
fold= 6
fold= 7
fold= 8
fold= 9
fold= 10

========== FINAL RESULT ==========
RF_BET -> RMSD: 1.2466, P: -0.1578, R2: -0.0058
RF_AE -> RMSD: 0.9479, P: 0.6600, R2: 0.4184
RF_ECFP -> RMSD: 0.8664, P: 0.7184, R2: 0.5141
RF_AE_BET -> RMSD: 0.9488, P: 0.6592, R2: 0.4174
RF_AE_ECFP -> RMSD: 0.8707, P: 0.7197, R2: 0.5094
RF_BET_ECFP -> RMSD: 0.8664, P: 0.7184, R2: 0.5142
RF_AE_BET_ECFP -> RMSD: 0.8702, P: 0.7200, R2: 0.5099
total time: 18.416895802087254 h
