size of data: (220,)
RF parameter: Namespace(n_estimators=10000, random_seed=0)
fold= 1
fold= 2
fold= 3
fold= 4
fold= 5
fold= 6
fold= 7
fold= 8
fold= 9
fold= 10

========== FINAL RESULT ==========
RF_BET -> RMSD: 1.7073, P: -0.1658, R2: -0.0065
RF_AE -> RMSD: 0.8964, P: 0.8536, R2: 0.7226
RF_ECFP -> RMSD: 0.9104, P: 0.8451, R2: 0.7138
RF_AE_BET -> RMSD: 0.8956, P: 0.8539, R2: 0.7230
RF_AE_ECFP -> RMSD: 0.8927, P: 0.8547, R2: 0.7249
RF_BET_ECFP -> RMSD: 0.9109, P: 0.8449, R2: 0.7135
RF_AE_BET_ECFP -> RMSD: 0.8928, P: 0.8546, R2: 0.7248
total time: 14.923477045165168 h
